<?xml version="1.0" encoding="UTF-8"?>
<!-- Generated by org.testng.reporters.JUnitReportReporter -->
<testsuite hostname="DESKTOP-G9JI0S1" failures="0" tests="1" name="testcases.ExcelData" time="0.008" errors="0" timestamp="2025-02-06T14:21:03 IST" skipped="0">
  <testcase classname="testcases.ExcelData" name="validateInput" time="0.008"/>
</testsuite> <!-- testcases.ExcelData -->
