<?xml version="1.0" encoding="UTF-8"?>
<!-- Generated by org.testng.reporters.JUnitReportReporter -->
<testsuite hostname="DESKTOP-G9JI0S1" failures="0" tests="3" name="testngTesting.DataProviderTest" time="0.100" errors="0" timestamp="2025-02-06T17:33:20 IST" skipped="0">
  <testcase classname="testngTesting.DataProviderTest" name="dataProviderTest" time="0.028"/>
  <testcase classname="testngTesting.DataProviderTest" name="dataProviderTest" time="0.034"/>
  <testcase classname="testngTesting.DataProviderTest" name="dataProviderTest" time="0.038"/>
</testsuite> <!-- testngTesting.DataProviderTest -->
