<?xml version="1.0" encoding="UTF-8"?>
<!-- Generated by org.testng.reporters.JUnitReportReporter -->
<testsuite hostname="DESKTOP-G9JI0S1" failures="0" tests="1" name="codeTesting.LoginTest" time="0.014" errors="0" timestamp="2025-02-01T11:57:48 IST" skipped="0">
  <testcase classname="codeTesting.LoginTest" name="Login" time="0.014"/>
</testsuite> <!-- codeTesting.LoginTest -->
