<?xml version="1.0" encoding="UTF-8"?>
<!-- Generated by org.testng.reporters.JUnitReportReporter -->
<testsuite hostname="DESKTOP-G9JI0S1" failures="0" tests="1" name="testcases.LoginHrm" time="7.300" errors="0" timestamp="2025-01-29T11:36:38 IST" skipped="0">
  <testcase classname="testcases.LoginHrm" name="uploadFile" time="7.300"/>
</testsuite> <!-- testcases.LoginHrm -->
