<?xml version="1.0" encoding="UTF-8"?>
<!-- Generated by org.testng.reporters.JUnitReportReporter -->
<testsuite hostname="DESKTOP-G9JI0S1" failures="0" tests="2" name="testcases.TestngClass" time="0.020" errors="0" timestamp="2025-02-06T14:53:25 IST" skipped="0">
  <testcase classname="testcases.TestngClass" name="login" time="0.010"/>
  <testcase classname="testcases.TestngClass" name="averifyLogin" time="0.010"/>
</testsuite> <!-- testcases.TestngClass -->
