<?xml version="1.0" encoding="UTF-8"?>
<!-- Generated by org.testng.reporters.JUnitReportReporter -->
<testsuite hostname="DESKTOP-G9JI0S1" failures="0" tests="1" name="testngTesting.VerifyCart" time="0.005" errors="0" timestamp="2025-02-06T15:31:29 IST" skipped="0">
  <testcase classname="testngTesting.VerifyCart" name="verifyCartFunctionality" time="0.005"/>
</testsuite> <!-- testngTesting.VerifyCart -->
