<?xml version="1.0" encoding="UTF-8"?>
<!-- Generated by org.testng.reporters.JUnitReportReporter -->
<testsuite hostname="DESKTOP-G9JI0S1" failures="0" tests="1" name="testcases.OrangeHrm" time="8.717" errors="0" timestamp="2025-01-29T18:49:17 IST" skipped="0">
  <testcase classname="testcases.OrangeHrm" name="login" time="8.717"/>
</testsuite> <!-- testcases.OrangeHrm -->
