<?xml version="1.0" encoding="UTF-8"?>
<!-- Generated by org.testng.reporters.JUnitReportReporter -->
<testsuite hostname="DESKTOP-G9JI0S1" failures="0" tests="1" name="testcases.InheritanceTest" time="3.156" errors="0" timestamp="2025-02-06T10:56:12 IST" skipped="0">
  <testcase classname="testcases.InheritanceTest" name="search" time="3.156"/>
</testsuite> <!-- testcases.InheritanceTest -->
