<?xml version="1.0" encoding="UTF-8"?>
<!-- Generated by org.testng.reporters.JUnitReportReporter -->
<testsuite hostname="DESKTOP-G9JI0S1" failures="0" tests="1" name="codeTesting.QAFoxTesting" time="4.468" errors="0" timestamp="2025-01-31T22:16:53 IST" skipped="0">
  <testcase classname="codeTesting.QAFoxTesting" name="qafoxtest" time="4.468"/>
</testsuite> <!-- codeTesting.QAFoxTesting -->
