<?xml version="1.0" encoding="UTF-8"?>
<!-- Generated by org.testng.reporters.JUnitReportReporter -->
<testsuite hostname="DESKTOP-G9JI0S1" failures="0" tests="6" name="testngTesting.BookingSite" time="17.368" errors="0" timestamp="2025-02-07T05:32:43 IST" skipped="0">
  <testcase classname="testngTesting.BookingSite" name="fhotelBooking" time="2.681"/>
  <testcase classname="testngTesting.BookingSite" name="bhotelBooking" time="2.816"/>
  <testcase classname="testngTesting.BookingSite" name="dhotelBooking" time="2.816"/>
  <testcase classname="testngTesting.BookingSite" name="chotelBooking" time="3.629"/>
  <testcase classname="testngTesting.BookingSite" name="ahotelBooking" time="2.678"/>
  <testcase classname="testngTesting.BookingSite" name="ehotelBooking" time="2.748"/>
</testsuite> <!-- testngTesting.BookingSite -->
