<?xml version="1.0" encoding="UTF-8"?>
<!-- Generated by org.testng.reporters.JUnitReportReporter -->
<testsuite hostname="DESKTOP-G9JI0S1" failures="0" tests="1" name="testngTesting.Login" time="0.008" errors="0" timestamp="2025-02-06T15:31:29 IST" skipped="0">
  <testcase classname="testngTesting.Login" name="loginToApp" time="0.008"/>
</testsuite> <!-- testngTesting.Login -->
