<?xml version="1.0" encoding="UTF-8"?>
<!-- Generated by org.testng.reporters.JUnitReportReporter -->
<testsuite hostname="DESKTOP-G9JI0S1" failures="0" tests="3" name="testcases.TestNGTest" time="25.608" errors="0" timestamp="2025-01-28T19:22:01 IST" skipped="0">
  <testcase classname="testcases.TestNGTest" name="bsecondTest" time="7.828"/>
  <testcase classname="testcases.TestNGTest" name="cfirstTest" time="7.814"/>
  <testcase classname="testcases.TestNGTest" name="agoogleTest" time="9.966"/>
</testsuite> <!-- testcases.TestNGTest -->
